<?xml version="1.0" encoding="UTF-8"?>
<!-- Generated by org.testng.reporters.JUnitReportReporter -->
<testsuite skipped="0" hostname="DESKTOP-BFEQG3F" name="org.testng.TestNgTaskPrac" tests="1" failures="0" timestamp="24 Mar 2022 06:05:31 GMT" time="7.296" errors="0">
  <testcase name="login" time="7.296" classname="org.testng.TestNgTaskPrac"/>
</testsuite> <!-- org.testng.TestNgTaskPrac -->
