<?xml version="1.0" encoding="UTF-8"?>
<!-- Generated by org.testng.reporters.JUnitReportReporter -->
<testsuite skipped="0" hostname="DESKTOP-BFEQG3F" name="org.testng.ClassB" tests="1" failures="0" timestamp="24 Mar 2022 18:26:24 GMT" time="6.722" errors="0">
  <testcase name="tc11" time="6.722" classname="org.testng.ClassB"/>
</testsuite> <!-- org.testng.ClassB -->
