<?xml version="1.0" encoding="UTF-8"?>
<!-- Generated by org.testng.reporters.JUnitReportReporter -->
<testsuite skipped="0" hostname="DESKTOP-BFEQG3F" name="org.testng.TestNgTask1" tests="1" failures="0" timestamp="01 Apr 2022 13:38:32 GMT" time="10.030" errors="0">
  <testcase name="title" time="10.030" classname="org.testng.TestNgTask1"/>
</testsuite> <!-- org.testng.TestNgTask1 -->
