<?xml version="1.0" encoding="UTF-8"?>
<!-- Generated by org.testng.reporters.JUnitReportReporter -->
<testsuite skipped="0" hostname="DESKTOP-BFEQG3F" name="org.testng.TestNgTask6" tests="2" failures="0" timestamp="24 Mar 2022 16:25:27 GMT" time="22.882" errors="0">
  <testcase name="tc1" time="12.309" classname="org.testng.TestNgTask6"/>
  <testcase name="tc1" time="10.573" classname="org.testng.TestNgTask6"/>
</testsuite> <!-- org.testng.TestNgTask6 -->
