<?xml version="1.0" encoding="UTF-8"?>
<!-- Generated by org.testng.reporters.JUnitReportReporter -->
<testsuite skipped="0" hostname="DESKTOP-BFEQG3F" name="org.testng.ClassA" tests="2" failures="0" timestamp="24 Mar 2022 18:26:24 GMT" time="5.049" errors="0">
  <testcase name="tc1" time="4.816" classname="org.testng.ClassA"/>
  <testcase name="tc2" time="0.233" classname="org.testng.ClassA"/>
</testsuite> <!-- org.testng.ClassA -->
